<?xml version="1.0" encoding="UTF-8"?>
<testng-results ignored="0" total="1" passed="1" failed="0" skipped="0">
  <reporter-output>
  </reporter-output>
  <suite started-at="2023-01-29T22:37:27 IST" name="Suite" finished-at="2023-01-29T22:37:37 IST" duration-ms="10776">
    <groups>
      <group name="Master">
        <method signature="Tc_002_Login.test_logintest()[pri:0, instance:testcases.Tc_002_Login@7f0eb4b4]" name="test_logintest" class="testcases.Tc_002_Login"/>
      </group> <!-- Master -->
      <group name="Sanity">
        <method signature="Tc_002_Login.test_logintest()[pri:0, instance:testcases.Tc_002_Login@7f0eb4b4]" name="test_logintest" class="testcases.Tc_002_Login"/>
      </group> <!-- Sanity -->
    </groups>
    <test started-at="2023-01-29T22:37:27 IST" name="chromeTest" finished-at="2023-01-29T22:37:37 IST" duration-ms="10776">
      <class name="testcases.Tc_002_Login">
        <test-method is-config="true" signature="openapp(java.lang.String)[pri:0, instance:testcases.Tc_002_Login@7f0eb4b4]" started-at="2023-01-29T22:37:27 IST" name="openapp" finished-at="2023-01-29T22:37:33 IST" duration-ms="6232" status="PASS">
          <params>
            <param index="0">
              <value>
                <![CDATA[chrome]]>
              </value>
            </param>
          </params>
          <reporter-output>
          </reporter-output>
        </test-method> <!-- openapp -->
        <test-method signature="test_logintest()[pri:0, instance:testcases.Tc_002_Login@7f0eb4b4]" started-at="2023-01-29T22:37:33 IST" name="test_logintest" finished-at="2023-01-29T22:37:37 IST" duration-ms="3999" status="PASS">
          <reporter-output>
          </reporter-output>
        </test-method> <!-- test_logintest -->
        <test-method is-config="true" signature="teardown()[pri:0, instance:testcases.Tc_002_Login@7f0eb4b4]" started-at="2023-01-29T22:37:37 IST" name="teardown" finished-at="2023-01-29T22:37:37 IST" duration-ms="300" status="PASS">
          <reporter-output>
          </reporter-output>
        </test-method> <!-- teardown -->
      </class> <!-- testcases.Tc_002_Login -->
    </test> <!-- chromeTest -->
  </suite> <!-- Suite -->
</testng-results>
